<?xml version="1.0" encoding="UTF-8"?>
<!-- Generated by org.testng.reporters.JUnitReportReporter -->
<testsuite hostname="DESKTOP-E69K95O" name="testscripts.Testing" tests="4" failures="0" timestamp="17 Jun 2021 00:23:12 GMT" time="20.767" errors="0">
  <testcase name="userHomePage" time="0.057" classname="testscripts.Testing"/>
  <testcase name="accountPage" time="0.182" classname="testscripts.Testing"/>
  <testcase name="registrationPage" time="13.950" classname="testscripts.Testing"/>
  <testcase name="landingPage" time="6.578" classname="testscripts.Testing"/>
</testsuite> <!-- testscripts.Testing -->
