<?xml version="1.0" encoding="UTF-8"?>
<!-- Generated by org.testng.reporters.JUnitReportReporter -->
<testsuite hostname="DESKTOP-E69K95O" name="testscripts.Testing" tests="1" failures="0" timestamp="15 Jun 2021 01:14:20 GMT" time="11.242" errors="0">
  <testcase name="test" time="11.242" classname="testscripts.Testing"/>
</testsuite> <!-- testscripts.Testing -->
