<?xml version="1.0" encoding="UTF-8"?>
<!-- Generated by org.testng.reporters.JUnitReportReporter -->
<testsuite hostname="DESKTOP-E69K95O" name="testscripts.homePage" tests="4" failures="0" timestamp="15 Jun 2021 01:14:20 GMT" time="5.665" errors="0">
  <testcase name="signInPage" time="0.205" classname="testscripts.homePage"/>
  <testcase name="myAccountPage" time="0.030" classname="testscripts.homePage"/>
  <testcase name="indexPage" time="1.499" classname="testscripts.homePage"/>
  <testcase name="registrationPage" time="3.931" classname="testscripts.homePage"/>
</testsuite> <!-- testscripts.homePage -->
