<?xml version="1.0" encoding="UTF-8"?>
<!-- Generated by org.testng.reporters.JUnitReportReporter -->
<testsuite hostname="DESKTOP-E69K95O" name="testscripts.SerializationOfTestNG" tests="3" failures="0" timestamp="10 Jun 2021 01:41:35 GMT" time="0.014" errors="0">
  <testcase name="testB" time="0.009" classname="testscripts.SerializationOfTestNG"/>
  <testcase name="testA" time="0.004" classname="testscripts.SerializationOfTestNG"/>
  <testcase name="testC" time="0.001" classname="testscripts.SerializationOfTestNG"/>
</testsuite> <!-- testscripts.SerializationOfTestNG -->
